<?xml version="1.0" encoding="UTF-8"?>
<!-- Generated by org.testng.reporters.JUnitReportReporter -->
<testsuite skipped="0" hostname="LAPTOP-3G7DV7L4" name="com.inetbanking.testCases.TC_logoutTest_002" tests="1" failures="0" timestamp="2021-10-26T02:00:51 BST" time="13.736" errors="0">
  <testcase name="logoutTest" time="13.736" classname="com.inetbanking.testCases.TC_logoutTest_002"/>
  <system-out/>
</testsuite> <!-- com.inetbanking.testCases.TC_logoutTest_002 -->
